\BOOKMARK [1][-]{section.1}{Introduction}{}% 1
\BOOKMARK [1][-]{section.2}{Background}{}% 2
\BOOKMARK [2][-]{subsection.2.1}{Storage Sates}{section.2}% 3
\BOOKMARK [2][-]{subsection.2.2}{Tank Types for Gaseous Hydrogen}{section.2}% 4
\BOOKMARK [2][-]{subsection.2.3}{Fueling}{section.2}% 5
\BOOKMARK [1][-]{section.3}{Theory}{}% 6
\BOOKMARK [2][-]{subsection.3.1}{Gas Heating}{section.3}% 7
\BOOKMARK [2][-]{subsection.3.2}{Modelling}{section.3}% 8
\BOOKMARK [2][-]{subsection.3.3}{Temperature}{section.3}% 9
\BOOKMARK [2][-]{subsection.3.4}{Mechanical Force}{section.3}% 10
\BOOKMARK [1][-]{section.4}{Methodology}{}% 11
\BOOKMARK [2][-]{subsection.4.1}{Experimental Setup}{section.4}% 12
\BOOKMARK [2][-]{subsection.4.2}{DAQ}{section.4}% 13
\BOOKMARK [2][-]{subsection.4.3}{Temperature}{section.4}% 14
\BOOKMARK [2][-]{subsection.4.4}{Pressure}{section.4}% 15
\BOOKMARK [2][-]{subsection.4.5}{Mass}{section.4}% 16
\BOOKMARK [2][-]{subsection.4.6}{Uncertainty}{section.4}% 17
\BOOKMARK [2][-]{subsection.4.7}{Procedure}{section.4}% 18
\BOOKMARK [1][-]{section.5}{Conclusion}{}% 19
\BOOKMARK [1][-]{appendix.A}{Appendix}{}% 20
\BOOKMARK [2][-]{subsection.A.1}{Gefran Pressure Transducer}{appendix.A}% 21
\BOOKMARK [2][-]{subsection.A.2}{honeywell Load cell}{appendix.A}% 22
\BOOKMARK [2][-]{subsection.A.3}{NI9213 data}{appendix.A}% 23
\BOOKMARK [2][-]{subsection.A.4}{NI9215 data}{appendix.A}% 24
\BOOKMARK [2][-]{subsection.A.5}{NIST table for type T}{appendix.A}% 25
