\BOOKMARK [1][-]{section.1}{Introduction}{}% 1
\BOOKMARK [2][-]{subsection.1.1}{Problem Overview}{section.1}% 2
\BOOKMARK [1][-]{section.2}{Implementation}{}% 3
\BOOKMARK [2][-]{subsection.2.1}{Program Overview}{section.2}% 4
\BOOKMARK [2][-]{subsection.2.2}{Solution Method}{section.2}% 5
\BOOKMARK [1][-]{section.3}{Validation}{}% 6
\BOOKMARK [2][-]{subsection.3.1}{Flux Computation}{section.3}% 7
\BOOKMARK [2][-]{subsection.3.2}{Flux Jacobian}{section.3}% 8
\BOOKMARK [2][-]{subsection.3.3}{Block Thomas}{section.3}% 9
\BOOKMARK [2][-]{subsection.3.4}{Boundary Conditions}{section.3}% 10
\BOOKMARK [2][-]{subsection.3.5}{Pressure Oscillations}{section.3}% 11
\BOOKMARK [1][-]{section.4}{Program Testing}{}% 12
\BOOKMARK [2][-]{subsection.4.1}{Stability}{section.4}% 13
\BOOKMARK [2][-]{subsection.4.2}{Solution Utop = 1}{section.4}% 14
\BOOKMARK [2][-]{subsection.4.3}{Solution Utop = -1}{section.4}% 15
\BOOKMARK [1][-]{section.5}{Lid-Driven Cavity Problem}{}% 16
\BOOKMARK [2][-]{subsection.5.1}{Vortex Location}{section.5}% 17
\BOOKMARK [2][-]{subsection.5.2}{Relative Strength}{section.5}% 18
\BOOKMARK [2][-]{subsection.5.3}{Fine Grid Convergence}{section.5}% 19
\BOOKMARK [1][-]{section.6}{Conclusion}{}% 20
\BOOKMARK [1][-]{appendix.A}{Appendix}{}% 21
\BOOKMARK [2][-]{subsection.A.1}{Thomas Block Data Last Pass}{appendix.A}% 22
\BOOKMARK [2][-]{subsection.A.2}{FinalProb.cpp}{appendix.A}% 23
